<?xml version="1.0" encoding="UTF-8"?>
<testsuite name="terminal.CheckInTest" tests="1" skipped="0" failures="0" errors="0" timestamp="2022-01-04T17:12:19" hostname="DESKTOP-MQ3E77S" time="0.035">
  <properties/>
  <testcase name="performCheckIn()" classname="terminal.CheckInTest" time="0.035"/>
  <system-out><![CDATA[]]></system-out>
  <system-err><![CDATA[Jän. 04, 2022 6:12:19 PM terminal.CheckIn requestPassport
INFO: Requesting passport of Max Mustermann
Jän. 04, 2022 6:12:19 PM terminal.CheckIn performCheckIn
INFO: Passenger has baggage items!
]]></system-err>
</testsuite>
